# JRE version: Java(TM) SE Runtime Environment (8.0_201-b09) (build 1.8.0_201-b09)
# Java VM: Java HotSpot(TM) 64-Bit Server VM (25.201-b09 mixed mode bsd-amd64 compressed oops)
Heap:
 PSYoungGen      total 44032K, used 28033K [0x0000000795580000, 0x0000000799000000, 0x00000007c0000000)
  eden space 30720K, 48% used [0x0000000795580000,0x00000007963e84a0,0x0000000797380000)
  from space 13312K, 99% used [0x0000000798180000,0x0000000798e78330,0x0000000798e80000)
  to   space 14336K, 0% used [0x0000000797380000,0x0000000797380000,0x0000000798180000)
 ParOldGen       total 87552K, used 27045K [0x0000000740000000, 0x0000000745580000, 0x0000000795580000)
  object space 87552K, 30% used [0x0000000740000000,0x0000000741a69760,0x0000000745580000)
 Metaspace       used 19755K, capacity 20167K, committed 20480K, reserved 1067008K
  class space    used 1935K, capacity 2034K, committed 2048K, reserved 1048576K
GC Heap History (10 events):
Event: 7.452 GC heap before
{Heap before GC invocations=4 (full 0):
 PSYoungGen      total 38400K, used 38135K [0x0000000795580000, 0x0000000798000000, 0x00000007c0000000)
  eden space 33280K, 99% used [0x0000000795580000,0x00000007975c1168,0x0000000797600000)
  from space 5120K, 99% used [0x0000000797600000,0x0000000797afcca0,0x0000000797b00000)
  to   space 5120K, 0% used [0x0000000797b00000,0x0000000797b00000,0x0000000798000000)
 ParOldGen       total 87552K, used 11626K [0x0000000740000000, 0x0000000745580000, 0x0000000795580000)
  object space 87552K, 13% used [0x0000000740000000,0x0000000740b5aa60,0x0000000745580000)
 Metaspace       used 19284K, capacity 19715K, committed 19968K, reserved 1067008K
  class space    used 1922K, capacity 2032K, committed 2048K, reserved 1048576K
Event: 7.457 GC heap after
Heap after GC invocations=4 (full 0):
 PSYoungGen      total 38400K, used 5088K [0x0000000795580000, 0x0000000798000000, 0x00000007c0000000)
  eden space 33280K, 0% used [0x0000000795580000,0x0000000795580000,0x0000000797600000)
  from space 5120K, 99% used [0x0000000797b00000,0x0000000797ff8120,0x0000000798000000)
  to   space 5120K, 0% used [0x0000000797600000,0x0000000797600000,0x0000000797b00000)
 ParOldGen       total 87552K, used 16267K [0x0000000740000000, 0x0000000745580000, 0x0000000795580000)
  object space 87552K, 18% used [0x0000000740000000,0x0000000740fe2d48,0x0000000745580000)
 Metaspace       used 19284K, capacity 19715K, committed 19968K, reserved 1067008K
  class space    used 1922K, capacity 2032K, committed 2048K, reserved 1048576K
}
Event: 9.268 GC heap before
{Heap before GC invocations=5 (full 0):
 PSYoungGen      total 38400K, used 38368K [0x0000000795580000, 0x0000000798000000, 0x00000007c0000000)
  eden space 33280K, 100% used [0x0000000795580000,0x0000000797600000,0x0000000797600000)
  from space 5120K, 99% used [0x0000000797b00000,0x0000000797ff8120,0x0000000798000000)
  to   space 5120K, 0% used [0x0000000797600000,0x0000000797600000,0x0000000797b00000)
 ParOldGen       total 87552K, used 16267K [0x0000000740000000, 0x0000000745580000, 0x0000000795580000)
  object space 87552K, 18% used [0x0000000740000000,0x0000000740fe2d48,0x0000000745580000)
 Metaspace       used 19450K, capacity 19843K, committed 19968K, reserved 1067008K
  class space    used 1922K, capacity 2032K, committed 2048K, reserved 1048576K
Event: 9.274 GC heap after
Heap after GC invocations=5 (full 0):
 PSYoungGen      total 37888K, used 5088K [0x0000000795580000, 0x0000000798d80000, 0x00000007c0000000)
  eden space 32768K, 0% used [0x0000000795580000,0x0000000795580000,0x0000000797580000)
  from space 5120K, 99% used [0x0000000797600000,0x0000000797af8120,0x0000000797b00000)
  to   space 12288K, 0% used [0x0000000798180000,0x0000000798180000,0x0000000798d80000)
 ParOldGen       total 87552K, used 20699K [0x0000000740000000, 0x0000000745580000, 0x0000000795580000)
  object space 87552K, 23% used [0x0000000740000000,0x0000000741436e58,0x0000000745580000)
 Metaspace       used 19450K, capacity 19843K, committed 19968K, reserved 1067008K
  class space    used 1922K, capacity 2032K, committed 2048K, reserved 1048576K
}
Event: 11.604 GC heap before
{Heap before GC invocations=6 (full 0):
 PSYoungGen      total 37888K, used 37825K [0x0000000795580000, 0x0000000798d80000, 0x00000007c0000000)
  eden space 32768K, 99% used [0x0000000795580000,0x0000000797578660,0x0000000797580000)
  from space 5120K, 99% used [0x0000000797600000,0x0000000797af8120,0x0000000797b00000)
  to   space 12288K, 0% used [0x0000000798180000,0x0000000798180000,0x0000000798d80000)
 ParOldGen       total 87552K, used 20699K [0x0000000740000000, 0x0000000745580000, 0x0000000795580000)
  object space 87552K, 23% used [0x0000000740000000,0x0000000741436e58,0x0000000745580000)
 Metaspace       used 19533K, capacity 19907K, committed 20224K, reserved 1067008K
  class space    used 1922K, capacity 2032K, committed 2048K, reserved 1048576K
Event: 11.612 GC heap after
Heap after GC invocations=6 (full 0):
 PSYoungGen      total 44032K, used 10080K [0x0000000795580000, 0x0000000798d00000, 0x00000007c0000000)
  eden space 32256K, 0% used [0x0000000795580000,0x0000000795580000,0x0000000797500000)
  from space 11776K, 85% used [0x0000000798180000,0x0000000798b58250,0x0000000798d00000)
  to   space 12288K, 0% used [0x0000000797500000,0x0000000797500000,0x0000000798100000)
 ParOldGen       total 87552K, used 20707K [0x0000000740000000, 0x0000000745580000, 0x0000000795580000)
  object space 87552K, 23% used [0x0000000740000000,0x0000000741438e58,0x0000000745580000)
 Metaspace       used 19533K, capacity 19907K, committed 20224K, reserved 1067008K
  class space    used 1922K, capacity 2032K, committed 2048K, reserved 1048576K
}
Event: 12.200 GC heap before
{Heap before GC invocations=7 (full 0):
 PSYoungGen      total 44032K, used 42160K [0x0000000795580000, 0x0000000798d00000, 0x00000007c0000000)
  eden space 32256K, 99% used [0x0000000795580000,0x00000007974d3de0,0x0000000797500000)
  from space 11776K, 85% used [0x0000000798180000,0x0000000798b58250,0x0000000798d00000)
  to   space 12288K, 0% used [0x0000000797500000,0x0000000797500000,0x0000000798100000)
 ParOldGen       total 87552K, used 20707K [0x0000000740000000, 0x0000000745580000, 0x0000000795580000)
  object space 87552K, 23% used [0x0000000740000000,0x0000000741438e58,0x0000000745580000)
 Metaspace       used 19632K, capacity 20035K, committed 20224K, reserved 1067008K
  class space    used 1922K, capacity 2032K, committed 2048K, reserved 1048576K
Event: 12.205 GC heap after
Heap after GC invocations=7 (full 0):
 PSYoungGen      total 44032K, used 12256K [0x0000000795580000, 0x0000000798e80000, 0x00000007c0000000)
  eden space 31744K, 0% used [0x0000000795580000,0x0000000795580000,0x0000000797480000)
  from space 12288K, 99% used [0x0000000797500000,0x00000007980f82f0,0x0000000798100000)
  to   space 13312K, 0% used [0x0000000798180000,0x0000000798180000,0x0000000798e80000)
 ParOldGen       total 87552K, used 23421K [0x0000000740000000, 0x0000000745580000, 0x0000000795580000)
  object space 87552K, 26% used [0x0000000740000000,0x00000007416df680,0x0000000745580000)
 Metaspace       used 19632K, capacity 20035K, committed 20224K, reserved 1067008K
  class space    used 1922K, capacity 2032K, committed 2048K, reserved 1048576K
}
Event: 13.006 GC heap before
{Heap before GC invocations=8 (full 0):
 PSYoungGen      total 44032K, used 43854K [0x0000000795580000, 0x0000000798e80000, 0x00000007c0000000)
  eden space 31744K, 99% used [0x0000000795580000,0x000000079745b5a0,0x0000000797480000)
  from space 12288K, 99% used [0x0000000797500000,0x00000007980f82f0,0x0000000798100000)
  to   space 13312K, 0% used [0x0000000798180000,0x0000000798180000,0x0000000798e80000)
 ParOldGen       total 87552K, used 23421K [0x0000000740000000, 0x0000000745580000, 0x0000000795580000)
  object space 87552K, 26% used [0x0000000740000000,0x00000007416df680,0x0000000745580000)
 Metaspace       used 19672K, capacity 20035K, committed 20224K, reserved 1067008K
  class space    used 1922K, capacity 2032K, committed 2048K, reserved 1048576K
Event: 13.011 GC heap after
Heap after GC invocations=8 (full 0):
 PSYoungGen      total 44032K, used 13280K [0x0000000795580000, 0x0000000799000000, 0x00000007c0000000)
  eden space 30720K, 0% used [0x0000000795580000,0x0000000795580000,0x0000000797380000)
  from space 13312K, 99% used [0x0000000798180000,0x0000000798e78330,0x0000000798e80000)
  to   space 14336K, 0% used [0x0000000797380000,0x0000000797380000,0x0000000798180000)
 ParOldGen       total 87552K, used 27045K [0x0000000740000000, 0x0000000745580000, 0x0000000795580000)
  object space 87552K, 30% used [0x0000000740000000,0x0000000741a69760,0x0000000745580000)
 Metaspace       used 19672K, capacity 20035K, committed 20224K, reserved 1067008K
  class space    used 1922K, capacity 2032K, committed 2048K, reserved 1048576K
}

