# JRE version: Java(TM) SE Runtime Environment (8.0_201-b09) (build 1.8.0_201-b09)
# Java VM: Java HotSpot(TM) 64-Bit Server VM (25.201-b09 mixed mode bsd-amd64 compressed oops)
Heap:
 PSYoungGen      total 34304K, used 24839K [0x0000000795580000, 0x0000000798c00000, 0x00000007c0000000)
  eden space 29184K, 67% used [0x0000000795580000,0x00000007968d1cf8,0x0000000797200000)
  from space 5120K, 98% used [0x0000000797280000,0x0000000797770130,0x0000000797780000)
  to   space 13312K, 0% used [0x0000000797f00000,0x0000000797f00000,0x0000000798c00000)
 ParOldGen       total 87552K, used 26959K [0x0000000740000000, 0x0000000745580000, 0x0000000795580000)
  object space 87552K, 30% used [0x0000000740000000,0x0000000741a53e20,0x0000000745580000)
 Metaspace       used 19684K, capacity 20107K, committed 20224K, reserved 1067008K
  class space    used 1927K, capacity 2034K, committed 2048K, reserved 1048576K
GC Heap History (10 events):
Event: 38.623 GC heap before
{Heap before GC invocations=7 (full 0):
 PSYoungGen      total 44032K, used 37360K [0x0000000795580000, 0x0000000798e00000, 0x00000007c0000000)
  eden space 32256K, 100% used [0x0000000795580000,0x0000000797500000,0x0000000797500000)
  from space 11776K, 43% used [0x0000000798280000,0x000000079877c130,0x0000000798e00000)
  to   space 12800K, 0% used [0x0000000797500000,0x0000000797500000,0x0000000798180000)
 ParOldGen       total 87552K, used 12986K [0x0000000740000000, 0x0000000745580000, 0x0000000795580000)
  object space 87552K, 14% used [0x0000000740000000,0x0000000740caea78,0x0000000745580000)
 Metaspace       used 19329K, capacity 19741K, committed 19968K, reserved 1067008K
  class space    used 1910K, capacity 1999K, committed 2048K, reserved 1048576K
Event: 38.633 GC heap after
Heap after GC invocations=7 (full 0):
 PSYoungGen      total 44544K, used 3200K [0x0000000795580000, 0x0000000798e80000, 0x00000007c0000000)
  eden space 31744K, 0% used [0x0000000795580000,0x0000000795580000,0x0000000797480000)
  from space 12800K, 25% used [0x0000000797500000,0x00000007978200c0,0x0000000798180000)
  to   space 13312K, 0% used [0x0000000798180000,0x0000000798180000,0x0000000798e80000)
 ParOldGen       total 87552K, used 14862K [0x0000000740000000, 0x0000000745580000, 0x0000000795580000)
  object space 87552K, 16% used [0x0000000740000000,0x0000000740e83a80,0x0000000745580000)
 Metaspace       used 19329K, capacity 19741K, committed 19968K, reserved 1067008K
  class space    used 1910K, capacity 1999K, committed 2048K, reserved 1048576K
}
Event: 47.171 GC heap before
{Heap before GC invocations=8 (full 0):
 PSYoungGen      total 44544K, used 34944K [0x0000000795580000, 0x0000000798e80000, 0x00000007c0000000)
  eden space 31744K, 100% used [0x0000000795580000,0x0000000797480000,0x0000000797480000)
  from space 12800K, 25% used [0x0000000797500000,0x00000007978200c0,0x0000000798180000)
  to   space 13312K, 0% used [0x0000000798180000,0x0000000798180000,0x0000000798e80000)
 ParOldGen       total 87552K, used 14862K [0x0000000740000000, 0x0000000745580000, 0x0000000795580000)
  object space 87552K, 16% used [0x0000000740000000,0x0000000740e83a80,0x0000000745580000)
 Metaspace       used 19366K, capacity 19783K, committed 19968K, reserved 1067008K
  class space    used 1914K, capacity 2032K, committed 2048K, reserved 1048576K
Event: 47.174 GC heap after
Heap after GC invocations=8 (full 0):
 PSYoungGen      total 44544K, used 128K [0x0000000795580000, 0x0000000798f00000, 0x00000007c0000000)
  eden space 31232K, 0% used [0x0000000795580000,0x0000000795580000,0x0000000797400000)
  from space 13312K, 0% used [0x0000000798180000,0x00000007981a0000,0x0000000798e80000)
  to   space 13824K, 0% used [0x0000000797400000,0x0000000797400000,0x0000000798180000)
 ParOldGen       total 87552K, used 18006K [0x0000000740000000, 0x0000000745580000, 0x0000000795580000)
  object space 87552K, 20% used [0x0000000740000000,0x0000000741195b40,0x0000000745580000)
 Metaspace       used 19366K, capacity 19783K, committed 19968K, reserved 1067008K
  class space    used 1914K, capacity 2032K, committed 2048K, reserved 1048576K
}
Event: 48.376 GC heap before
{Heap before GC invocations=9 (full 0):
 PSYoungGen      total 44544K, used 31360K [0x0000000795580000, 0x0000000798f00000, 0x00000007c0000000)
  eden space 31232K, 100% used [0x0000000795580000,0x0000000797400000,0x0000000797400000)
  from space 13312K, 0% used [0x0000000798180000,0x00000007981a0000,0x0000000798e80000)
  to   space 13824K, 0% used [0x0000000797400000,0x0000000797400000,0x0000000798180000)
 ParOldGen       total 87552K, used 18006K [0x0000000740000000, 0x0000000745580000, 0x0000000795580000)
  object space 87552K, 20% used [0x0000000740000000,0x0000000741195b40,0x0000000745580000)
 Metaspace       used 19401K, capacity 19847K, committed 19968K, reserved 1067008K
  class space    used 1914K, capacity 2032K, committed 2048K, reserved 1048576K
Event: 48.380 GC heap after
Heap after GC invocations=9 (full 0):
 PSYoungGen      total 36352K, used 5392K [0x0000000795580000, 0x0000000798c80000, 0x00000007c0000000)
  eden space 30720K, 0% used [0x0000000795580000,0x0000000795580000,0x0000000797380000)
  from space 5632K, 95% used [0x0000000797400000,0x0000000797944170,0x0000000797980000)
  to   space 12800K, 0% used [0x0000000798000000,0x0000000798000000,0x0000000798c80000)
 ParOldGen       total 87552K, used 18030K [0x0000000740000000, 0x0000000745580000, 0x0000000795580000)
  object space 87552K, 20% used [0x0000000740000000,0x000000074119bb40,0x0000000745580000)
 Metaspace       used 19401K, capacity 19847K, committed 19968K, reserved 1067008K
  class space    used 1914K, capacity 2032K, committed 2048K, reserved 1048576K
}
Event: 48.904 GC heap before
{Heap before GC invocations=10 (full 0):
 PSYoungGen      total 36352K, used 36112K [0x0000000795580000, 0x0000000798c80000, 0x00000007c0000000)
  eden space 30720K, 100% used [0x0000000795580000,0x0000000797380000,0x0000000797380000)
  from space 5632K, 95% used [0x0000000797400000,0x0000000797944170,0x0000000797980000)
  to   space 12800K, 0% used [0x0000000798000000,0x0000000798000000,0x0000000798c80000)
 ParOldGen       total 87552K, used 18030K [0x0000000740000000, 0x0000000745580000, 0x0000000795580000)
  object space 87552K, 20% used [0x0000000740000000,0x000000074119bb40,0x0000000745580000)
 Metaspace       used 19432K, capacity 19847K, committed 19968K, reserved 1067008K
  class space    used 1914K, capacity 2032K, committed 2048K, reserved 1048576K
Event: 48.907 GC heap after
Heap after GC invocations=10 (full 0):
 PSYoungGen      total 42496K, used 9760K [0x0000000795580000, 0x0000000798e00000, 0x00000007c0000000)
  eden space 29696K, 0% used [0x0000000795580000,0x0000000795580000,0x0000000797280000)
  from space 12800K, 76% used [0x0000000798000000,0x0000000798988290,0x0000000798c80000)
  to   space 13824K, 0% used [0x0000000797280000,0x0000000797280000,0x0000000798000000)
 ParOldGen       total 87552K, used 18070K [0x0000000740000000, 0x0000000745580000, 0x0000000795580000)
  object space 87552K, 20% used [0x0000000740000000,0x00000007411a5b40,0x0000000745580000)
 Metaspace       used 19432K, capacity 19847K, committed 19968K, reserved 1067008K
  class space    used 1914K, capacity 2032K, committed 2048K, reserved 1048576K
}
Event: 51.238 GC heap before
{Heap before GC invocations=11 (full 0):
 PSYoungGen      total 42496K, used 39290K [0x0000000795580000, 0x0000000798e00000, 0x00000007c0000000)
  eden space 29696K, 99% used [0x0000000795580000,0x0000000797256780,0x0000000797280000)
  from space 12800K, 76% used [0x0000000798000000,0x0000000798988290,0x0000000798c80000)
  to   space 13824K, 0% used [0x0000000797280000,0x0000000797280000,0x0000000798000000)
 ParOldGen       total 87552K, used 18326K [0x0000000740000000, 0x0000000745580000, 0x0000000795580000)
  object space 87552K, 20% used [0x0000000740000000,0x00000007411e5b50,0x0000000745580000)
 Metaspace       used 19596K, capacity 19975K, committed 20224K, reserved 1067008K
  class space    used 1914K, capacity 2032K, committed 2048K, reserved 1048576K
Event: 51.243 GC heap after
Heap after GC invocations=11 (full 0):
 PSYoungGen      total 34304K, used 5056K [0x0000000795580000, 0x0000000798c00000, 0x00000007c0000000)
  eden space 29184K, 0% used [0x0000000795580000,0x0000000795580000,0x0000000797200000)
  from space 5120K, 98% used [0x0000000797280000,0x0000000797770130,0x0000000797780000)
  to   space 13312K, 0% used [0x0000000797f00000,0x0000000797f00000,0x0000000798c00000)
 ParOldGen       total 87552K, used 26959K [0x0000000740000000, 0x0000000745580000, 0x0000000795580000)
  object space 87552K, 30% used [0x0000000740000000,0x0000000741a53e20,0x0000000745580000)
 Metaspace       used 19596K, capacity 19975K, committed 20224K, reserved 1067008K
  class space    used 1914K, capacity 2032K, committed 2048K, reserved 1048576K
}

